<?xml version="1.0" encoding="UTF-8"?>
<testng-results ignored="0" total="1" passed="1" failed="0" skipped="0">
  <reporter-output>
  </reporter-output>
  <suite started-at="2024-03-23T11:01:27 IST" name="Suite" finished-at="2024-03-23T11:01:27 IST" duration-ms="51">
    <groups>
    </groups>
    <test started-at="2024-03-23T11:01:27 IST" name="Test" finished-at="2024-03-23T11:01:27 IST" duration-ms="51">
      <class name="com.stc.MyF.FirstTest">
        <test-method signature="f()[pri:0, instance:com.stc.MyF.FirstTest@7ee955a8]" started-at="2024-03-23T11:01:27 IST" name="f" finished-at="2024-03-23T11:01:27 IST" duration-ms="11" status="PASS">
          <reporter-output>
          </reporter-output>
        </test-method> <!-- f -->
      </class> <!-- com.stc.MyF.FirstTest -->
    </test> <!-- Test -->
  </suite> <!-- Suite -->
</testng-results>
